<?xml version="1.0" encoding="UTF-8" ?>
<testsuite tests="52" failures="0" name="TestSuite" time="1.506" errors="0" skipped="0">
  <properties>
    <property name="java.runtime.name" value="Java(TM) SE Runtime Environment"/>
    <property name="java.vm.version" value="17.0.6+9-LTS-190"/>
    <property name="sun.boot.library.path" value="D:\jdk 17\bin"/>
    <property name="maven.multiModuleProjectDirectory" value="D:\SoftwarePrject\Software-Project-2023-main"/>
    <property name="java.vm.vendor" value="Oracle Corporation"/>
    <property name="java.vendor.url" value="https://java.oracle.com/"/>
    <property name="guice.disable.misplaced.annotation.check" value="true"/>
    <property name="path.separator" value=";"/>
    <property name="java.vm.name" value="Java HotSpot(TM) 64-Bit Server VM"/>
    <property name="sun.os.patch.level" value=""/>
    <property name="user.script" value=""/>
    <property name="user.country" value="US"/>
    <property name="sun.java.launcher" value="SUN_STANDARD"/>
    <property name="java.vm.specification.name" value="Java Virtual Machine Specification"/>
    <property name="user.dir" value="D:\SoftwarePrject\Software-Project-2023-main"/>
    <property name="java.vm.compressedOopsMode" value="Zero based"/>
    <property name="java.runtime.version" value="17.0.6+9-LTS-190"/>
    <property name="os.arch" value="amd64"/>
    <property name="java.io.tmpdir" value="C:\Users\AYHAMD~1\AppData\Local\Temp\"/>
    <property name="line.separator" value="
"/>
    <property name="java.vm.specification.vendor" value="Oracle Corporation"/>
    <property name="user.variant" value=""/>
    <property name="os.name" value="Windows 11"/>
    <property name="classworlds.conf" value="C:\Program Files\apache-maven-3.8.6\bin\m2.conf"/>
    <property name="sun.jnu.encoding" value="Cp1252"/>
    <property name="java.library.path" value="D:\jdk 17\bin;C:\WINDOWS\Sun\Java\bin;C:\WINDOWS\system32;C:\WINDOWS;D:\VM\bin\;C:\Program Files\Common Files\Oracle\Java\javapath;C:\Program Files\Amazon Corretto\jdk11.0.17_8\bin;C:\Newfolder\product\11.2.0\dbhome_1\bin;C:\WINDOWS\system32;C:\WINDOWS;C:\WINDOWS\System32\Wbem;C:\WINDOWS\System32\WindowsPowerShell\v1.0\;C:\WINDOWS\System32\OpenSSH\;D:\Lapview 2013\Shared\LabVIEW CLI;C:\Program Files\apache-maven-3.8.6\bin;C:\Program Files\Git\cmd;C:\Users\Ayham Dw\AppData\Local\Microsoft\WindowsApps;;C:\Program Files\JetBrains\IntelliJ IDEA Community Edition 2022.3\bin;;D:\Microsoft VS Code\bin;."/>
    <property name="maven.conf" value="C:\Program Files\apache-maven-3.8.6/conf"/>
    <property name="jdk.debug" value="release"/>
    <property name="java.class.version" value="61.0"/>
    <property name="java.specification.name" value="Java Platform API Specification"/>
    <property name="sun.management.compiler" value="HotSpot 64-Bit Tiered Compilers"/>
    <property name="os.version" value="10.0"/>
    <property name="library.jansi.path" value="C:\Program Files\apache-maven-3.8.6\lib\jansi-native"/>
    <property name="user.home" value="C:\Users\Ayham Dw"/>
    <property name="user.timezone" value="Asia/Amman"/>
    <property name="file.encoding" value="Cp1252"/>
    <property name="java.specification.version" value="17"/>
    <property name="user.name" value="Ayham Dw"/>
    <property name="java.class.path" value="C:\Program Files\apache-maven-3.8.6\boot\plexus-classworlds-2.6.0.jar"/>
    <property name="java.vm.specification.version" value="17"/>
    <property name="sun.arch.data.model" value="64"/>
    <property name="sun.java.command" value="org.codehaus.plexus.classworlds.launcher.Launcher clean install -e"/>
    <property name="java.home" value="D:\jdk 17"/>
    <property name="user.language" value="en"/>
    <property name="java.specification.vendor" value="Oracle Corporation"/>
    <property name="java.vm.info" value="mixed mode, sharing"/>
    <property name="java.version" value="17.0.6"/>
    <property name="native.encoding" value="Cp1252"/>
    <property name="java.vendor" value="Oracle Corporation"/>
    <property name="sun.stderr.encoding" value="cp437"/>
    <property name="maven.home" value="C:\Program Files\apache-maven-3.8.6"/>
    <property name="file.separator" value="\"/>
    <property name="java.version.date" value="2023-01-17"/>
    <property name="java.vendor.url.bug" value="https://bugreport.java.com/bugreport/"/>
    <property name="sun.io.unicode.encoding" value="UnicodeLittle"/>
    <property name="sun.cpu.endian" value="little"/>
    <property name="sun.stdout.encoding" value="cp437"/>
    <property name="sun.cpu.isalist" value="amd64"/>
  </properties>
  <testcase classname="Runners.MyClassTestCase" name="runScenario" time="0.15"/>
  <testcase classname="Runners.MyClassTestCase" name="runScenario" time="0.447"/>
  <testcase classname="Runners.MyClassTestCase" name="runScenario" time="0.027"/>
  <testcase classname="Runners.MyClassTestCase" name="runScenario" time="0.007"/>
  <testcase classname="Runners.MyClassTestCase" name="runScenario" time="0.02"/>
  <testcase classname="Runners.MyClassTestCase" name="runScenario" time="0.02"/>
  <testcase classname="Runners.MyClassTestCase" name="runScenario" time="0.005"/>
  <testcase classname="Runners.MyClassTestCase" name="runScenario" time="0.021"/>
  <testcase classname="Runners.MyClassTestCase" name="runScenario" time="0.019"/>
  <testcase classname="Runners.MyClassTestCase" name="runScenario" time="0.04"/>
  <testcase classname="Runners.MyClassTestCase" name="runScenario" time="0.006"/>
  <testcase classname="Runners.MyClassTestCase" name="runScenario" time="0.02"/>
  <testcase classname="Runners.MyClassTestCase" name="runScenario" time="0.018"/>
  <testcase classname="Runners.MyClassTestCase" name="runScenario" time="0.018"/>
  <testcase classname="Runners.MyClassTestCase" name="runScenario" time="0.02"/>
  <testcase classname="Runners.MyClassTestCase" name="runScenario" time="0.022"/>
  <testcase classname="Runners.MyClassTestCase" name="runScenario" time="0.022"/>
  <testcase classname="Runners.MyClassTestCase" name="runScenario" time="0.021"/>
  <testcase classname="Runners.MyClassTestCase" name="runScenario" time="0.022"/>
  <testcase classname="Runners.MyClassTestCase" name="runScenario" time="0.028"/>
  <testcase classname="Runners.MyClassTestCase" name="runScenario" time="0.023"/>
  <testcase classname="Runners.MyClassTestCase" name="runScenario" time="0.021"/>
  <testcase classname="Runners.MyClassTestCase" name="runScenario" time="0.023"/>
  <testcase classname="Runners.MyClassTestCase" name="runScenario" time="0.02"/>
  <testcase classname="Runners.MyClassTestCase" name="runScenario" time="0.014"/>
  <testcase classname="Runners.MyClassTestCase" name="runScenario" time="0.018"/>
  <testcase classname="Runners.MyClassTestCase" name="runScenario" time="0.016"/>
  <testcase classname="Runners.MyClassTestCase" name="runScenario" time="0.017"/>
  <testcase classname="Runners.MyClassTestCase" name="runScenario" time="0.015"/>
  <testcase classname="Runners.MyClassTestCase" name="runScenario" time="0.016"/>
  <testcase classname="Runners.MyClassTestCase" name="runScenario" time="0.015"/>
  <testcase classname="Runners.MyClassTestCase" name="runScenario" time="0.018"/>
  <testcase classname="Runners.MyClassTestCase" name="runScenario" time="0.019"/>
  <testcase classname="Runners.MyClassTestCase" name="runScenario" time="0.017"/>
  <testcase classname="Runners.MyClassTestCase" name="runScenario" time="0.014"/>
  <testcase classname="Runners.MyClassTestCase" name="runScenario" time="0.015"/>
  <testcase classname="Runners.MyClassTestCase" name="runScenario" time="0.014"/>
  <testcase classname="Runners.MyClassTestCase" name="runScenario" time="0.013"/>
  <testcase classname="Runners.MyClassTestCase" name="runScenario" time="0.015"/>
  <testcase classname="Runners.MyClassTestCase" name="runScenario" time="0.014"/>
  <testcase classname="Runners.MyClassTestCase" name="runScenario" time="0.013"/>
  <testcase classname="Runners.MyClassTestCase" name="runScenario" time="0.017"/>
  <testcase classname="Runners.MyClassTestCase" name="runScenario" time="0.014"/>
  <testcase classname="Runners.MyClassTestCase" name="runScenario" time="0.031"/>
  <testcase classname="Runners.MyClassTestCase" name="runScenario" time="0.033"/>
  <testcase classname="Runners.MyClassTestCase" name="runScenario" time="0.003"/>
  <testcase classname="Runners.MyClassTestCase" name="runScenario" time="0.024"/>
  <testcase classname="Runners.MyClassTestCase" name="runScenario" time="0.017"/>
  <testcase classname="Runners.MyClassTestCase" name="runScenario" time="0.016"/>
  <testcase classname="Runners.MyClassTestCase" name="runScenario" time="0.019"/>
  <testcase classname="Runners.MyClassTestCase" name="runScenario" time="0.015"/>
  <testcase classname="Runners.MyClassTestCase" name="runScenario" time="0.014"/>
</testsuite>