<?xml version="1.0" encoding="UTF-8"?>
<!-- Generated by org.testng.reporters.JUnitReportReporter -->
<testsuite hostname="Ayham" failures="0" tests="52" name="Runners.MyClassTestCase" time="1.494" errors="0" timestamp="2023-05-04T20:47:02 EET" skipped="0">
  <testcase classname="Runners.MyClassTestCase" name="runScenario" time="0.022"/>
  <system-out/>
  <testcase classname="Runners.MyClassTestCase" name="runScenario" time="0.018"/>
  <system-out/>
  <testcase classname="Runners.MyClassTestCase" name="runScenario" time="0.005"/>
  <system-out/>
  <testcase classname="Runners.MyClassTestCase" name="runScenario" time="0.026"/>
  <system-out/>
  <testcase classname="Runners.MyClassTestCase" name="runScenario" time="0.022"/>
  <system-out/>
  <testcase classname="Runners.MyClassTestCase" name="runScenario" time="0.039"/>
  <system-out/>
  <testcase classname="Runners.MyClassTestCase" name="runScenario" time="0.017"/>
  <system-out/>
  <testcase classname="Runners.MyClassTestCase" name="runScenario" time="0.015"/>
  <system-out/>
  <testcase classname="Runners.MyClassTestCase" name="runScenario" time="0.016"/>
  <system-out/>
  <testcase classname="Runners.MyClassTestCase" name="runScenario" time="0.019"/>
  <system-out/>
  <testcase classname="Runners.MyClassTestCase" name="runScenario" time="0.015"/>
  <system-out/>
  <testcase classname="Runners.MyClassTestCase" name="runScenario" time="0.016"/>
  <system-out/>
  <testcase classname="Runners.MyClassTestCase" name="runScenario" time="0.023"/>
  <system-out/>
  <testcase classname="Runners.MyClassTestCase" name="runScenario" time="0.015"/>
  <system-out/>
  <testcase classname="Runners.MyClassTestCase" name="runScenario" time="0.021"/>
  <system-out/>
  <testcase classname="Runners.MyClassTestCase" name="runScenario" time="0.020"/>
  <system-out/>
  <testcase classname="Runners.MyClassTestCase" name="runScenario" time="0.006"/>
  <system-out/>
  <testcase classname="Runners.MyClassTestCase" name="runScenario" time="0.021"/>
  <system-out/>
  <testcase classname="Runners.MyClassTestCase" name="runScenario" time="0.017"/>
  <system-out/>
  <testcase classname="Runners.MyClassTestCase" name="runScenario" time="0.014"/>
  <system-out/>
  <testcase classname="Runners.MyClassTestCase" name="runScenario" time="0.017"/>
  <system-out/>
  <testcase classname="Runners.MyClassTestCase" name="runScenario" time="0.014"/>
  <system-out/>
  <testcase classname="Runners.MyClassTestCase" name="runScenario" time="0.013"/>
  <system-out/>
  <testcase classname="Runners.MyClassTestCase" name="runScenario" time="0.014"/>
  <system-out/>
  <testcase classname="Runners.MyClassTestCase" name="runScenario" time="0.018"/>
  <system-out/>
  <testcase classname="Runners.MyClassTestCase" name="runScenario" time="0.016"/>
  <system-out/>
  <testcase classname="Runners.MyClassTestCase" name="runScenario" time="0.018"/>
  <system-out/>
  <testcase classname="Runners.MyClassTestCase" name="runScenario" time="0.024"/>
  <system-out/>
  <testcase classname="Runners.MyClassTestCase" name="runScenario" time="0.018"/>
  <system-out/>
  <testcase classname="Runners.MyClassTestCase" name="runScenario" time="0.031"/>
  <system-out/>
  <testcase classname="Runners.MyClassTestCase" name="runScenario" time="0.006"/>
  <system-out/>
  <testcase classname="Runners.MyClassTestCase" name="runScenario" time="0.028"/>
  <system-out/>
  <testcase classname="Runners.MyClassTestCase" name="runScenario" time="0.018"/>
  <system-out/>
  <testcase classname="Runners.MyClassTestCase" name="runScenario" time="0.016"/>
  <system-out/>
  <testcase classname="Runners.MyClassTestCase" name="runScenario" time="0.019"/>
  <system-out/>
  <testcase classname="Runners.MyClassTestCase" name="runScenario" time="0.021"/>
  <system-out/>
  <testcase classname="Runners.MyClassTestCase" name="runScenario" time="0.015"/>
  <system-out/>
  <testcase classname="Runners.MyClassTestCase" name="runScenario" time="0.447"/>
  <system-out/>
  <testcase classname="Runners.MyClassTestCase" name="runScenario" time="0.014"/>
  <system-out/>
  <testcase classname="Runners.MyClassTestCase" name="runScenario" time="0.012"/>
  <system-out/>
  <testcase classname="Runners.MyClassTestCase" name="runScenario" time="0.022"/>
  <system-out/>
  <testcase classname="Runners.MyClassTestCase" name="runScenario" time="0.014"/>
  <system-out/>
  <testcase classname="Runners.MyClassTestCase" name="runScenario" time="0.020"/>
  <system-out/>
  <testcase classname="Runners.MyClassTestCase" name="runScenario" time="0.021"/>
  <system-out/>
  <testcase classname="Runners.MyClassTestCase" name="runScenario" time="0.032"/>
  <system-out/>
  <testcase classname="Runners.MyClassTestCase" name="runScenario" time="0.018"/>
  <system-out/>
  <testcase classname="Runners.MyClassTestCase" name="runScenario" time="0.014"/>
  <system-out/>
  <testcase classname="Runners.MyClassTestCase" name="runScenario" time="0.019"/>
  <system-out/>
  <testcase classname="Runners.MyClassTestCase" name="runScenario" time="0.148"/>
  <system-out/>
  <testcase classname="Runners.MyClassTestCase" name="runScenario" time="0.018"/>
  <system-out/>
  <testcase classname="Runners.MyClassTestCase" name="runScenario" time="0.002"/>
  <system-out/>
  <testcase classname="Runners.MyClassTestCase" name="runScenario" time="0.020"/>
  <system-out/>
</testsuite> <!-- Runners.MyClassTestCase -->
